c:\users\mehol\documents\github\jumping\jumping\jumping\debug\vc141.pdb
c:\users\mehol\documents\github\jumping\jumping\jumping\debug\vc141.idb
c:\users\mehol\documents\github\jumping\jumping\jumping\debug\window.obj
c:\users\mehol\documents\github\jumping\jumping\jumping\debug\main.obj
c:\users\mehol\documents\github\jumping\jumping\jumping\debug\jumping.obj
c:\users\mehol\documents\github\jumping\jumping\debug\jumping.exe
c:\users\mehol\documents\github\jumping\jumping\debug\jumping.ilk
c:\users\mehol\documents\github\jumping\jumping\debug\jumping.pdb
c:\users\tech\desktop\jumping-kevin\jumping\jumping\debug\jumping.obj
c:\users\tech\desktop\jumping-kevin\jumping\jumping\debug\main.obj
c:\users\tech\desktop\jumping-kevin\jumping\jumping\debug\window.obj
c:\users\tech\desktop\jumping-kevin\jumping\jumping\debug\vc141.idb
c:\users\tech\desktop\jumping-kevin\jumping\jumping\debug\vc141.pdb
c:\users\tech\desktop\jumping-kevin\jumping\debug\jumping.pdb
c:\users\tech\desktop\jumping-kevin\jumping\debug\jumping.ilk
c:\users\tech\desktop\jumping-kevin\jumping\jumping\debug\jumping.tlog\cl.command.1.tlog
c:\users\tech\desktop\jumping-kevin\jumping\jumping\debug\jumping.tlog\cl.read.1.tlog
c:\users\tech\desktop\jumping-kevin\jumping\jumping\debug\jumping.tlog\cl.write.1.tlog
c:\users\tech\desktop\jumping-kevin\jumping\jumping\debug\jumping.tlog\link.command.1.tlog
c:\users\tech\desktop\jumping-kevin\jumping\jumping\debug\jumping.tlog\link.read.1.tlog
c:\users\tech\desktop\jumping-kevin\jumping\jumping\debug\jumping.tlog\link.write.1.tlog
